-------------------------------------------------------------------------------
Test set: com.fiberhome.filink.userserver.RoleServiceImplTest
-------------------------------------------------------------------------------
Tests run: 8, Failures: 0, Errors: 8, Skipped: 0, Time elapsed: 0.044 sec <<< FAILURE! - in com.fiberhome.filink.userserver.RoleServiceImplTest
addRole(com.fiberhome.filink.userserver.RoleServiceImplTest)  Time elapsed: 0.028 sec  <<< ERROR!
java.lang.IllegalStateException: Missing @Injectable for field "com.fiberhome.filink.userserver.dao.RolePermissionDao rolePermissionDao" in RoleServiceImpl

queryAllRoles(com.fiberhome.filink.userserver.RoleServiceImplTest)  Time elapsed: 0.001 sec  <<< ERROR!
java.lang.IllegalStateException: Missing @Injectable for field "com.fiberhome.filink.userserver.dao.RolePermissionDao rolePermissionDao" in RoleServiceImpl

queryRoleInfoByIdTest(com.fiberhome.filink.userserver.RoleServiceImplTest)  Time elapsed: 0.001 sec  <<< ERROR!
java.lang.IllegalStateException: Missing @Injectable for field "com.fiberhome.filink.userserver.dao.RolePermissionDao rolePermissionDao" in RoleServiceImpl

updateRole(com.fiberhome.filink.userserver.RoleServiceImplTest)  Time elapsed: 0.001 sec  <<< ERROR!
java.lang.IllegalStateException: Missing @Injectable for field "com.fiberhome.filink.userserver.dao.RolePermissionDao rolePermissionDao" in RoleServiceImpl

queryRoleByFieldAndCondition(com.fiberhome.filink.userserver.RoleServiceImplTest)  Time elapsed: 0.001 sec  <<< ERROR!
java.lang.IllegalStateException: Missing @Injectable for field "com.fiberhome.filink.userserver.dao.RolePermissionDao rolePermissionDao" in RoleServiceImpl

queryRoleByField(com.fiberhome.filink.userserver.RoleServiceImplTest)  Time elapsed: 0.001 sec  <<< ERROR!
java.lang.IllegalStateException: Missing @Injectable for field "com.fiberhome.filink.userserver.dao.RolePermissionDao rolePermissionDao" in RoleServiceImpl

queryRoleList(com.fiberhome.filink.userserver.RoleServiceImplTest)  Time elapsed: 0.001 sec  <<< ERROR!
java.lang.IllegalStateException: Missing @Injectable for field "com.fiberhome.filink.userserver.dao.RolePermissionDao rolePermissionDao" in RoleServiceImpl

deleteRole(com.fiberhome.filink.userserver.RoleServiceImplTest)  Time elapsed: 0.006 sec  <<< ERROR!
java.lang.IllegalStateException: Missing @Injectable for field "com.fiberhome.filink.userserver.dao.RolePermissionDao rolePermissionDao" in RoleServiceImpl

